[2024-12-03 16:41:09.688] [info] Updating Model file from 40000 to latest format...
[2024-12-03 16:41:09.690] [info] Loaded model arm26 from file C:\Users\Make\Documents\Thesis\Code\TestingSimTemp\program\Main/../../model/weak/arm26.osim
[2024-12-03 16:41:09.690] [warning] Couldn't find file 'ground_ribs.vtp'.
[2024-12-03 16:41:09.691] [warning] Couldn't find file 'ground_spine.vtp'.
[2024-12-03 16:41:09.691] [warning] Couldn't find file 'ground_skull.vtp'.
[2024-12-03 16:41:09.691] [warning] Couldn't find file 'ground_jaw.vtp'.
[2024-12-03 16:41:09.691] [warning] Couldn't find file 'ground_r_clavicle.vtp'.
[2024-12-03 16:41:09.691] [warning] Couldn't find file 'ground_r_scapula.vtp'.
[2024-12-03 16:41:09.691] [warning] Couldn't find file 'arm_r_humerus.vtp'.
[2024-12-03 16:41:09.691] [warning] Couldn't find file 'arm_r_ulna.vtp'.
[2024-12-03 16:41:09.691] [warning] Couldn't find file 'arm_r_radius.vtp'.
[2024-12-03 16:41:09.691] [warning] Couldn't find file 'arm_r_lunate.vtp'.
[2024-12-03 16:41:09.691] [warning] Couldn't find file 'arm_r_scaphoid.vtp'.
[2024-12-03 16:41:09.691] [warning] Couldn't find file 'arm_r_pisiform.vtp'.
[2024-12-03 16:41:09.691] [warning] Couldn't find file 'arm_r_triquetrum.vtp'.
[2024-12-03 16:41:09.691] [warning] Couldn't find file 'arm_r_capitate.vtp'.
[2024-12-03 16:41:09.691] [warning] Couldn't find file 'arm_r_trapezium.vtp'.
[2024-12-03 16:41:09.692] [warning] Couldn't find file 'arm_r_trapezoid.vtp'.
[2024-12-03 16:41:09.692] [warning] Couldn't find file 'arm_r_hamate.vtp'.
[2024-12-03 16:41:09.692] [warning] Couldn't find file 'arm_r_1mc.vtp'.
[2024-12-03 16:41:09.692] [warning] Couldn't find file 'arm_r_2mc.vtp'.
[2024-12-03 16:41:09.692] [warning] Couldn't find file 'arm_r_3mc.vtp'.
[2024-12-03 16:41:09.692] [warning] Couldn't find file 'arm_r_4mc.vtp'.
[2024-12-03 16:41:09.692] [warning] Couldn't find file 'arm_r_5mc.vtp'.
[2024-12-03 16:41:09.692] [warning] Couldn't find file 'arm_r_thumbprox.vtp'.
[2024-12-03 16:41:09.692] [warning] Couldn't find file 'arm_r_thumbdist.vtp'.
[2024-12-03 16:41:09.692] [warning] Couldn't find file 'arm_r_2proxph.vtp'.
[2024-12-03 16:41:09.692] [warning] Couldn't find file 'arm_r_2midph.vtp'.
[2024-12-03 16:41:09.692] [warning] Couldn't find file 'arm_r_2distph.vtp'.
[2024-12-03 16:41:09.692] [warning] Couldn't find file 'arm_r_3proxph.vtp'.
[2024-12-03 16:41:09.692] [warning] Couldn't find file 'arm_r_3midph.vtp'.
[2024-12-03 16:41:09.692] [warning] Couldn't find file 'arm_r_3distph.vtp'.
[2024-12-03 16:41:09.692] [warning] Couldn't find file 'arm_r_4proxph.vtp'.
[2024-12-03 16:41:09.692] [warning] Couldn't find file 'arm_r_4midph.vtp'.
[2024-12-03 16:41:09.693] [warning] Couldn't find file 'arm_r_4distph.vtp'.
[2024-12-03 16:41:09.693] [warning] Couldn't find file 'arm_r_5proxph.vtp'.
[2024-12-03 16:41:09.693] [warning] Couldn't find file 'arm_r_5midph.vtp'.
[2024-12-03 16:41:09.693] [warning] Couldn't find file 'arm_r_5distph.vtp'.
[2024-12-03 16:41:09.697] [info] Storage: read data file = C:\Users\Make\Documents\Thesis\Code\TestingSimTemp\program\Main/../../model/weak/InitialState.sto (nr=1 nc=17)
[2024-12-03 16:41:27.897] [info] Updating Model file from 40000 to latest format...
[2024-12-03 16:41:27.899] [info] Loaded model arm26 from file C:\Users\Make\Documents\Thesis\Code\TestingSimTemp\program\Main/../../model/weak/arm26.osim
[2024-12-03 16:41:27.900] [warning] Couldn't find file 'ground_ribs.vtp'.
[2024-12-03 16:41:27.900] [warning] Couldn't find file 'ground_spine.vtp'.
[2024-12-03 16:41:27.900] [warning] Couldn't find file 'ground_skull.vtp'.
[2024-12-03 16:41:27.900] [warning] Couldn't find file 'ground_jaw.vtp'.
[2024-12-03 16:41:27.900] [warning] Couldn't find file 'ground_r_clavicle.vtp'.
[2024-12-03 16:41:27.900] [warning] Couldn't find file 'ground_r_scapula.vtp'.
[2024-12-03 16:41:27.900] [warning] Couldn't find file 'arm_r_humerus.vtp'.
[2024-12-03 16:41:27.900] [warning] Couldn't find file 'arm_r_ulna.vtp'.
[2024-12-03 16:41:27.900] [warning] Couldn't find file 'arm_r_radius.vtp'.
[2024-12-03 16:41:27.900] [warning] Couldn't find file 'arm_r_lunate.vtp'.
[2024-12-03 16:41:27.900] [warning] Couldn't find file 'arm_r_scaphoid.vtp'.
[2024-12-03 16:41:27.900] [warning] Couldn't find file 'arm_r_pisiform.vtp'.
[2024-12-03 16:41:27.900] [warning] Couldn't find file 'arm_r_triquetrum.vtp'.
[2024-12-03 16:41:27.900] [warning] Couldn't find file 'arm_r_capitate.vtp'.
[2024-12-03 16:41:27.900] [warning] Couldn't find file 'arm_r_trapezium.vtp'.
[2024-12-03 16:41:27.901] [warning] Couldn't find file 'arm_r_trapezoid.vtp'.
[2024-12-03 16:41:27.901] [warning] Couldn't find file 'arm_r_hamate.vtp'.
[2024-12-03 16:41:27.901] [warning] Couldn't find file 'arm_r_1mc.vtp'.
[2024-12-03 16:41:27.901] [warning] Couldn't find file 'arm_r_2mc.vtp'.
[2024-12-03 16:41:27.901] [warning] Couldn't find file 'arm_r_3mc.vtp'.
[2024-12-03 16:41:27.901] [warning] Couldn't find file 'arm_r_4mc.vtp'.
[2024-12-03 16:41:27.901] [warning] Couldn't find file 'arm_r_5mc.vtp'.
[2024-12-03 16:41:27.901] [warning] Couldn't find file 'arm_r_thumbprox.vtp'.
[2024-12-03 16:41:27.901] [warning] Couldn't find file 'arm_r_thumbdist.vtp'.
[2024-12-03 16:41:27.901] [warning] Couldn't find file 'arm_r_2proxph.vtp'.
[2024-12-03 16:41:27.901] [warning] Couldn't find file 'arm_r_2midph.vtp'.
[2024-12-03 16:41:27.901] [warning] Couldn't find file 'arm_r_2distph.vtp'.
[2024-12-03 16:41:27.901] [warning] Couldn't find file 'arm_r_3proxph.vtp'.
[2024-12-03 16:41:27.901] [warning] Couldn't find file 'arm_r_3midph.vtp'.
[2024-12-03 16:41:27.901] [warning] Couldn't find file 'arm_r_3distph.vtp'.
[2024-12-03 16:41:27.901] [warning] Couldn't find file 'arm_r_4proxph.vtp'.
[2024-12-03 16:41:27.901] [warning] Couldn't find file 'arm_r_4midph.vtp'.
[2024-12-03 16:41:27.902] [warning] Couldn't find file 'arm_r_4distph.vtp'.
[2024-12-03 16:41:27.902] [warning] Couldn't find file 'arm_r_5proxph.vtp'.
[2024-12-03 16:41:27.902] [warning] Couldn't find file 'arm_r_5midph.vtp'.
[2024-12-03 16:41:27.902] [warning] Couldn't find file 'arm_r_5distph.vtp'.
[2024-12-03 16:41:27.906] [info] Storage: read data file = C:\Users\Make\Documents\Thesis\Code\TestingSimTemp\program\Main/../../model/weak/InitialState.sto (nr=1 nc=17)
[2024-12-04 13:10:41.230] [info] Updating Model file from 40000 to latest format...
[2024-12-04 13:10:41.232] [info] Loaded model arm26 from file C:\Users\Make\Documents\Thesis\Code\TestingSimTemp\program\Main/../../model/weak/arm26.osim
[2024-12-04 13:10:41.232] [warning] Couldn't find file 'ground_ribs.vtp'.
[2024-12-04 13:10:41.232] [warning] Couldn't find file 'ground_spine.vtp'.
[2024-12-04 13:10:41.232] [warning] Couldn't find file 'ground_skull.vtp'.
[2024-12-04 13:10:41.232] [warning] Couldn't find file 'ground_jaw.vtp'.
[2024-12-04 13:10:41.232] [warning] Couldn't find file 'ground_r_clavicle.vtp'.
[2024-12-04 13:10:41.233] [warning] Couldn't find file 'ground_r_scapula.vtp'.
[2024-12-04 13:10:41.233] [warning] Couldn't find file 'arm_r_humerus.vtp'.
[2024-12-04 13:10:41.233] [warning] Couldn't find file 'arm_r_ulna.vtp'.
[2024-12-04 13:10:41.233] [warning] Couldn't find file 'arm_r_radius.vtp'.
[2024-12-04 13:10:41.233] [warning] Couldn't find file 'arm_r_lunate.vtp'.
[2024-12-04 13:10:41.233] [warning] Couldn't find file 'arm_r_scaphoid.vtp'.
[2024-12-04 13:10:41.233] [warning] Couldn't find file 'arm_r_pisiform.vtp'.
[2024-12-04 13:10:41.233] [warning] Couldn't find file 'arm_r_triquetrum.vtp'.
[2024-12-04 13:10:41.233] [warning] Couldn't find file 'arm_r_capitate.vtp'.
[2024-12-04 13:10:41.233] [warning] Couldn't find file 'arm_r_trapezium.vtp'.
[2024-12-04 13:10:41.233] [warning] Couldn't find file 'arm_r_trapezoid.vtp'.
[2024-12-04 13:10:41.233] [warning] Couldn't find file 'arm_r_hamate.vtp'.
[2024-12-04 13:10:41.233] [warning] Couldn't find file 'arm_r_1mc.vtp'.
[2024-12-04 13:10:41.233] [warning] Couldn't find file 'arm_r_2mc.vtp'.
[2024-12-04 13:10:41.233] [warning] Couldn't find file 'arm_r_3mc.vtp'.
[2024-12-04 13:10:41.234] [warning] Couldn't find file 'arm_r_4mc.vtp'.
[2024-12-04 13:10:41.234] [warning] Couldn't find file 'arm_r_5mc.vtp'.
[2024-12-04 13:10:41.234] [warning] Couldn't find file 'arm_r_thumbprox.vtp'.
[2024-12-04 13:10:41.234] [warning] Couldn't find file 'arm_r_thumbdist.vtp'.
[2024-12-04 13:10:41.234] [warning] Couldn't find file 'arm_r_2proxph.vtp'.
[2024-12-04 13:10:41.234] [warning] Couldn't find file 'arm_r_2midph.vtp'.
[2024-12-04 13:10:41.234] [warning] Couldn't find file 'arm_r_2distph.vtp'.
[2024-12-04 13:10:41.234] [warning] Couldn't find file 'arm_r_3proxph.vtp'.
[2024-12-04 13:10:41.234] [warning] Couldn't find file 'arm_r_3midph.vtp'.
[2024-12-04 13:10:41.234] [warning] Couldn't find file 'arm_r_3distph.vtp'.
[2024-12-04 13:10:41.234] [warning] Couldn't find file 'arm_r_4proxph.vtp'.
[2024-12-04 13:10:41.235] [warning] Couldn't find file 'arm_r_4midph.vtp'.
[2024-12-04 13:10:41.235] [warning] Couldn't find file 'arm_r_4distph.vtp'.
[2024-12-04 13:10:41.235] [warning] Couldn't find file 'arm_r_5proxph.vtp'.
[2024-12-04 13:10:41.235] [warning] Couldn't find file 'arm_r_5midph.vtp'.
[2024-12-04 13:10:41.235] [warning] Couldn't find file 'arm_r_5distph.vtp'.
[2024-12-04 13:10:41.239] [info] Storage: read data file = C:\Users\Make\Documents\Thesis\Code\TestingSimTemp\program\Main/../../model/weak/InitialState.sto (nr=1 nc=17)
